<?xml version="1.0" encoding="UTF-8"?>
<!-- Generated by org.testng.reporters.JUnitXMLReporter -->
<testsuite ignored="0" hostname="SHREE" failures="0" tests="4" name="PetUserModuleTest" time="11.291" errors="0" timestamp="2024-01-08T19:08:57 IST">
  <testcase classname="api.test.UserTest" name="testPostUser" time="5.692"/>
  <testcase classname="api.test.UserTest" name="testGetUserByName" time="1.538"/>
  <testcase classname="api.test.UserTest" name="testUpdateUserByName" time="2.196"/>
  <testcase classname="api.test.UserTest" name="testDeleteUserByName" time="1.219"/>
</testsuite> <!-- PetUserModuleTest -->
