<?xml version="1.0" encoding="UTF-8"?>
<!-- Generated by org.testng.reporters.JUnitXMLReporter -->
<testsuite ignored="0" hostname="SHREE" failures="0" tests="4" name="Default test" time="11.607" errors="0" timestamp="2024-01-08T19:05:27 IST">
  <testcase classname="api.test.UserTest" name="testPostUser" time="5.434"/>
  <testcase classname="api.test.UserTest" name="testGetUserByName" time="1.195"/>
  <testcase classname="api.test.UserTest" name="testUpdateUserByName" time="2.789"/>
  <testcase classname="api.test.UserTest" name="testDeleteUserByName" time="1.276"/>
</testsuite> <!-- Default test -->
