<?xml version="1.0" encoding="UTF-8"?>
<!-- Generated by org.testng.reporters.JUnitXMLReporter -->
<testsuite ignored="0" hostname="SHREE" failures="0" tests="4" name="PetTest" time="13.784" errors="0" timestamp="2024-01-08T23:36:46 IST">
  <testcase classname="api.test.UserTest2" name="testPostUser" time="5.605"/>
  <testcase classname="api.test.UserTest2" name="testGetUserByName" time="1.169"/>
  <testcase classname="api.test.UserTest2" name="testUpdateUserByName" time="2.529"/>
  <testcase classname="api.test.UserTest2" name="testDeleteUserByName" time="1.066"/>
</testsuite> <!-- PetTest -->
