<?xml version="1.0" encoding="UTF-8"?>
<!-- Generated by org.testng.reporters.JUnitXMLReporter -->
<testsuite ignored="0" hostname="SHREE" failures="0" tests="4" name="PetTest" time="15.53" errors="0" timestamp="2024-01-08T22:36:48 IST">
  <testcase classname="api.test.UserTest2" name="testPostUser" time="6.849"/>
  <testcase classname="api.test.UserTest2" name="testGetUserByName" time="1.419"/>
  <testcase classname="api.test.UserTest2" name="testUpdateUserByName" time="2.756"/>
  <testcase classname="api.test.UserTest2" name="testDeleteUserByName" time="1.187"/>
</testsuite> <!-- PetTest -->
