<?xml version="1.0" encoding="UTF-8"?>
<!-- Generated by org.testng.reporters.JUnitXMLReporter -->
<testsuite ignored="0" hostname="SHREE" failures="0" tests="4" name="PetTest" time="13.827" errors="0" timestamp="2024-01-08T20:28:10 IST">
  <testcase classname="api.test.UserTest2" name="testPostUser" time="4.356"/>
  <testcase classname="api.test.UserTest2" name="testGetUserByName" time="2.424"/>
  <testcase classname="api.test.UserTest2" name="testUpdateUserByName" time="4.004"/>
  <testcase classname="api.test.UserTest2" name="testDeleteUserByName" time="1.404"/>
</testsuite> <!-- PetTest -->
